D:\GAMELAB\ROLLERCOASTER\ROLLER COASTER\GENERATEDFILES\DEBUG\MOC_APPMAIN.CPP
D:\GAMELAB\ROLLERCOASTER\ROLLER COASTER\GENERATEDFILES\DEBUG\MOC_TRAINVIEW.CPP
D:\GAMELAB\ROLLERCOASTER\ROLLER COASTER\GENERATEDFILES\QRC_APPMAIN.CPP
D:\GAMELAB\ROLLERCOASTER\ROLLER COASTER\GENERATEDFILES\UI_APPMAIN.H
D:\GAMELAB\ROLLERCOASTER\ROLLER COASTER\OBJ\DEBUG\3DUTILS.OBJ
D:\GAMELAB\ROLLERCOASTER\ROLLER COASTER\OBJ\DEBUG\APPMAIN.OBJ
D:\GAMELAB\ROLLERCOASTER\ROLLER COASTER\OBJ\DEBUG\ARCBALLCAM.OBJ
D:\GameLab\RollerCoaster\Roller Coaster\Obj\Debug\cl.command.1.tlog
D:\GameLab\RollerCoaster\Roller Coaster\Obj\Debug\CL.read.1.tlog
D:\GameLab\RollerCoaster\Roller Coaster\Obj\Debug\CL.write.1.tlog
D:\GAMELAB\ROLLERCOASTER\ROLLER COASTER\OBJ\DEBUG\CONTROLPOINT.OBJ
D:\GameLab\RollerCoaster\Roller Coaster\Obj\Debug\custombuild.command.1.tlog
D:\GameLab\RollerCoaster\Roller Coaster\Obj\Debug\custombuild.read.1.tlog
D:\GameLab\RollerCoaster\Roller Coaster\Obj\Debug\custombuild.write.1.tlog
D:\GameLab\RollerCoaster\Roller Coaster\Obj\Debug\link.command.1.tlog
D:\GameLab\RollerCoaster\Roller Coaster\Obj\Debug\link.read.1.tlog
D:\GameLab\RollerCoaster\Roller Coaster\Obj\Debug\link.write.1.tlog
D:\GAMELAB\ROLLERCOASTER\ROLLER COASTER\OBJ\DEBUG\MAIN.OBJ
D:\GAMELAB\ROLLERCOASTER\ROLLER COASTER\OBJ\DEBUG\MOC_APPMAIN.OBJ
D:\GAMELAB\ROLLERCOASTER\ROLLER COASTER\OBJ\DEBUG\MOC_TRAINVIEW.OBJ
D:\GameLab\RollerCoaster\Roller Coaster\Obj\Debug\mt.command.1.tlog
D:\GameLab\RollerCoaster\Roller Coaster\Obj\Debug\mt.read.1.tlog
D:\GameLab\RollerCoaster\Roller Coaster\Obj\Debug\mt.write.1.tlog
D:\GAMELAB\ROLLERCOASTER\ROLLER COASTER\OBJ\DEBUG\PNT3F.OBJ
D:\GAMELAB\ROLLERCOASTER\ROLLER COASTER\OBJ\DEBUG\QRC_APPMAIN.OBJ
D:\GAMELAB\ROLLERCOASTER\ROLLER COASTER\OBJ\DEBUG\ROLLER COASTER.EXE.INTERMEDIATE.MANIFEST
D:\GameLab\RollerCoaster\Roller Coaster\Obj\Debug\Roller Coaster.write.1.tlog
D:\GAMELAB\ROLLERCOASTER\ROLLER COASTER\OBJ\DEBUG\TRACK.OBJ
D:\GAMELAB\ROLLERCOASTER\ROLLER COASTER\OBJ\DEBUG\TRAINVIEW.OBJ
D:\GAMELAB\ROLLERCOASTER\ROLLER COASTER\OBJ\DEBUG\VC100.PDB
D:\GAMELAB\ROLLERCOASTER\WIN32\DEBUG\ROLLER COASTER.EXE
D:\GAMELAB\ROLLERCOASTER\WIN32\DEBUG\ROLLER COASTER.ILK
D:\GAMELAB\ROLLERCOASTER\WIN32\DEBUG\ROLLER COASTER.PDB
