已經開始建置於 2016/11/15 上午 10:21:10。
     1>節點 2 (build 目標) 上的專案 "D:\GameLab\3DGame\RollerCoaster\Roller Coaster\Roller Coaster.vcxproj"。
     1>C:\Program Files (x86)\MSBuild\Microsoft.Cpp\v4.0\Microsoft.CppBuild.targets(298,5): warning MSB8004: Intermediate 目錄結尾不是結尾斜線。這個建置執行個體將會加入此斜線，因為這樣才能正確評估 Intermediate 目錄。
     1>InitializeBuildStatus:
         由於指定了 "AlwaysCreate"，因此正在建立 "Obj\Debug\Roller Coaster.unsuccessfulbuild"。
       CustomBuild:
         所有輸出都是最新的。
       ClCompile:
         C:\Program Files (x86)\Microsoft Visual Studio 10.0\VC\bin\CL.exe /c /I. /I.\Include /I.\GeneratedFiles /I.\GeneratedFiles\Debug /IC:\Qt\Qt5.2.0\5.2.0\msvc2010_opengl\include /IC:\Qt\Qt5.2.0\5.2.0\msvc2010_opengl\include\QtCore /IC:\Qt\Qt5.2.0\5.2.0\msvc2010_opengl\include\QtGui /IC:\Qt\Qt5.2.0\5.2.0\msvc2010_opengl\include\QtWidgets /Zi /nologo /W1 /WX- /Od /Oy- /D UNICODE /D WIN32 /D WIN64 /D QT_DLL /D QT_CORE_LIB /D QT_GUI_LIB /D QT_WIDGETS_LIB /Gm- /EHsc /MDd /GS /fp:precise /Zc:wchar_t- /Zc:forScope /Fo"Obj\Debug\\" /Fd"Obj\Debug\vc100.pdb" /Gd /TP /analyze- /errorReport:prompt GameLabQTShader.cpp Src\GameLabMesh.cpp
         GameLabQTShader.cpp
         GameLabMesh.cpp
         正在產生程式碼...
         所有輸出都是最新的。
       Link:
         C:\Program Files (x86)\Microsoft Visual Studio 10.0\VC\bin\link.exe /ERRORREPORT:PROMPT /OUT:"D:\GameLab\3DGame\RollerCoaster\Win32\Debug\\Roller Coaster.exe" /NOLOGO /LIBPATH:C:\Qt\Qt5.2.0\5.2.0\msvc2010_opengl\lib qtmaind.lib Qt5Cored.lib Qt5Guid.lib Qt5Widgetsd.lib Qt5OpenGLd.lib winmm.lib "assimp-vc140-mt.lib" kernel32.lib user32.lib gdi32.lib winspool.lib comdlg32.lib advapi32.lib shell32.lib ole32.lib oleaut32.lib uuid.lib odbc32.lib odbccp32.lib /MANIFEST /ManifestFile:"Obj\Debug\Roller Coaster.exe.intermediate.manifest" /MANIFESTUAC:"level='asInvoker' uiAccess='false'" /DEBUG /PDB:"D:\GameLab\3DGame\RollerCoaster\Win32\Debug\Roller Coaster.pdb" /SUBSYSTEM:CONSOLE /TLBID:1 /DYNAMICBASE /NXCOMPAT /IMPLIB:"D:\GameLab\3DGame\RollerCoaster\Win32\Debug\Roller Coaster.lib" /MACHINE:X86 Obj\Debug\GameLabQTShader.obj
         Obj\Debug\moc_AppMain.obj
         Obj\Debug\moc_TrainView.obj
         Obj\Debug\qrc_AppMain.obj
         Obj\Debug\AppMain.obj
         Obj\Debug\ControlPoint.obj
         Obj\Debug\GameLabMesh.obj
         Obj\Debug\GameLabModel.obj
         Obj\Debug\main.obj
         Obj\Debug\Pool.obj
         Obj\Debug\Square.obj
         Obj\Debug\Track.obj
         Obj\Debug\TrainView.obj
         Obj\Debug\Triangle.obj
         Obj\Debug\3DUtils.obj
         Obj\Debug\ArcBallCam.obj
         Obj\Debug\Pnt3f.obj
         Obj\Debug\TrackPoint.obj
         LINK : 最後的累加連結找不到或未建置 D:\GameLab\3DGame\RollerCoaster\Win32\Debug\\Roller Coaster.exe，正在執行完整連結
         Roller Coaster.vcxproj -> D:\GameLab\3DGame\RollerCoaster\Win32\Debug\Roller Coaster.exe
       Manifest:
         C:\Program Files (x86)\Microsoft SDKs\Windows\v7.0A\bin\mt.exe /nologo /verbose /outputresource:"D:\GameLab\3DGame\RollerCoaster\Win32\Debug\\Roller Coaster.exe;#1" /manifest "Obj\Debug\Roller Coaster.exe.intermediate.manifest"
       FinalizeBuildStatus:
         正在刪除檔案 "Obj\Debug\Roller Coaster.unsuccessfulbuild"。
         正在變更時間戳記 "Obj\Debug\Roller Coaster.lastbuildstate"。
     1>專案 "D:\GameLab\3DGame\RollerCoaster\Roller Coaster\Roller Coaster.vcxproj" (build 目標) 建置完成。

建置成功。

經過時間 00:00:04.82
